<?xml version="1.0" encoding="UTF-8"?>
<coverage generated="1772023593118" clover="3.2.0">
  <project timestamp="1772023593119" name="All files">
    <metrics statements="14" coveredstatements="14" conditionals="8" coveredconditionals="8" methods="5" coveredmethods="5" elements="27" coveredelements="27" complexity="0" loc="14" ncloc="14" packages="1" files="2" classes="2"/>
    <file name="Hello.jsx" path="D:\Desktop\JavaScript Using Generative AI\Generarive_AI_using_JS_March_2026_batch\React JS Project\react-vite-testing-app\src\Hello.jsx">
      <metrics statements="1" coveredstatements="1" conditionals="0" coveredconditionals="0" methods="1" coveredmethods="1"/>
      <line num="3" count="1" type="stmt"/>
    </file>
    <file name="Login.jsx" path="D:\Desktop\JavaScript Using Generative AI\Generarive_AI_using_JS_March_2026_batch\React JS Project\react-vite-testing-app\src\Login.jsx">
      <metrics statements="13" coveredstatements="13" conditionals="8" coveredconditionals="8" methods="4" coveredmethods="4"/>
      <line num="5" count="64" type="stmt"/>
      <line num="6" count="64" type="stmt"/>
      <line num="7" count="64" type="stmt"/>
      <line num="9" count="64" type="stmt"/>
      <line num="10" count="3" type="stmt"/>
      <line num="11" count="3" type="cond" truecount="4" falsecount="0"/>
      <line num="12" count="1" type="stmt"/>
      <line num="13" count="2" type="cond" truecount="4" falsecount="0"/>
      <line num="14" count="1" type="stmt"/>
      <line num="16" count="1" type="stmt"/>
      <line num="19" count="64" type="stmt"/>
      <line num="24" count="33" type="stmt"/>
      <line num="26" count="24" type="stmt"/>
    </file>
  </project>
</coverage>
