{"D:\\Desktop\\JavaScript Using Generative AI\\Generarive_AI_using_JS_March_2026_batch\\React JS Project\\react-vite-testing-app\\src\\Hello.jsx": {"path":"D:\\Desktop\\JavaScript Using Generative AI\\Generarive_AI_using_JS_March_2026_batch\\React JS Project\\react-vite-testing-app\\src\\Hello.jsx","statementMap":{"0":{"start":{"line":3,"column":4},"end":{"line":6,"column":null}}},"fnMap":{"0":{"name":"Hello","decl":{"start":{"line":1,"column":9},"end":{"line":1,"column":17}},"loc":{"start":{"line":1,"column":17},"end":{"line":8,"column":null}},"line":1}},"branchMap":{},"s":{"0":1},"f":{"0":1},"b":{},"meta":{"lastBranch":0,"lastFunction":1,"lastStatement":1,"seen":{"f:1:9:1:17":0,"s:3:4:6:Infinity":0}}}
,"D:\\Desktop\\JavaScript Using Generative AI\\Generarive_AI_using_JS_March_2026_batch\\React JS Project\\react-vite-testing-app\\src\\Login.jsx": {"path":"D:\\Desktop\\JavaScript Using Generative AI\\Generarive_AI_using_JS_March_2026_batch\\React JS Project\\react-vite-testing-app\\src\\Login.jsx","statementMap":{"0":{"start":{"line":5,"column":20},"end":{"line":5,"column":null}},"1":{"start":{"line":6,"column":26},"end":{"line":6,"column":null}},"2":{"start":{"line":7,"column":16},"end":{"line":7,"column":null}},"3":{"start":{"line":9,"column":19},"end":{"line":18,"column":null}},"4":{"start":{"line":10,"column":4},"end":{"line":10,"column":null}},"5":{"start":{"line":11,"column":4},"end":{"line":17,"column":null}},"6":{"start":{"line":12,"column":8},"end":{"line":12,"column":null}},"7":{"start":{"line":13,"column":4},"end":{"line":17,"column":null}},"8":{"start":{"line":14,"column":8},"end":{"line":14,"column":null}},"9":{"start":{"line":16,"column":8},"end":{"line":16,"column":null}},"10":{"start":{"line":19,"column":4},"end":{"line":30,"column":null}},"11":{"start":{"line":24,"column":33},"end":{"line":24,"column":59}},"12":{"start":{"line":26,"column":33},"end":{"line":26,"column":62}}},"fnMap":{"0":{"name":"Login","decl":{"start":{"line":4,"column":9},"end":{"line":4,"column":17}},"loc":{"start":{"line":4,"column":17},"end":{"line":32,"column":null}},"line":4},"1":{"name":"(anonymous_1)","decl":{"start":{"line":9,"column":19},"end":{"line":9,"column":20}},"loc":{"start":{"line":9,"column":26},"end":{"line":18,"column":null}},"line":9},"2":{"name":"(anonymous_2)","decl":{"start":{"line":24,"column":26},"end":{"line":24,"column":27}},"loc":{"start":{"line":24,"column":33},"end":{"line":24,"column":59}},"line":24},"3":{"name":"(anonymous_3)","decl":{"start":{"line":26,"column":26},"end":{"line":26,"column":27}},"loc":{"start":{"line":26,"column":33},"end":{"line":26,"column":62}},"line":26}},"branchMap":{"0":{"loc":{"start":{"line":11,"column":4},"end":{"line":17,"column":null}},"type":"if","locations":[{"start":{"line":11,"column":4},"end":{"line":17,"column":null}},{"start":{"line":13,"column":4},"end":{"line":17,"column":null}}],"line":11},"1":{"loc":{"start":{"line":11,"column":7},"end":{"line":11,"column":40}},"type":"binary-expr","locations":[{"start":{"line":11,"column":7},"end":{"line":11,"column":23}},{"start":{"line":11,"column":23},"end":{"line":11,"column":40}}],"line":11},"2":{"loc":{"start":{"line":13,"column":4},"end":{"line":17,"column":null}},"type":"if","locations":[{"start":{"line":13,"column":4},"end":{"line":17,"column":null}},{"start":{"line":15,"column":11},"end":{"line":17,"column":null}}],"line":13},"3":{"loc":{"start":{"line":13,"column":14},"end":{"line":13,"column":74}},"type":"binary-expr","locations":[{"start":{"line":13,"column":14},"end":{"line":13,"column":46}},{"start":{"line":13,"column":46},"end":{"line":13,"column":74}}],"line":13}},"s":{"0":64,"1":64,"2":64,"3":64,"4":3,"5":3,"6":1,"7":2,"8":1,"9":1,"10":64,"11":33,"12":24},"f":{"0":64,"1":3,"2":33,"3":24},"b":{"0":[1,2],"1":[3,2],"2":[1,1],"3":[2,1]},"meta":{"lastBranch":4,"lastFunction":4,"lastStatement":13,"seen":{"f:4:9:4:17":0,"s:5:20:5:Infinity":0,"s:6:26:6:Infinity":1,"s:7:16:7:Infinity":2,"s:9:19:18:Infinity":3,"f:9:19:9:20":1,"s:10:4:10:Infinity":4,"b:11:4:17:Infinity:13:4:17:Infinity":0,"s:11:4:17:Infinity":5,"b:11:7:11:23:11:23:11:40":1,"s:12:8:12:Infinity":6,"b:13:4:17:Infinity:15:11:17:Infinity":2,"s:13:4:17:Infinity":7,"b:13:14:13:46:13:46:13:74":3,"s:14:8:14:Infinity":8,"s:16:8:16:Infinity":9,"s:19:4:30:Infinity":10,"f:24:26:24:27":2,"s:24:33:24:59":11,"f:26:26:26:27":3,"s:26:33:26:62":12}}}
}
